This is pdfTeX, Version 3.141592653-2.6-1.40.26 (TeX Live 2024) (preloaded format=pdflatex 2024.11.13)  13 NOV 2024 23:10
entering extended mode
 restricted \write18 enabled.
 %&-line parsing enabled.
**_main.tex
(./_main.tex
LaTeX2e <2024-11-01>
L3 programming layer <2024-11-02>
(c:/Users/Oscar/AppData/Roaming/TinyTeX/texmf-dist/tex/latex/base/article.cls
Document Class: article 2024/06/29 v1.4n Standard LaTeX document class
(c:/Users/Oscar/AppData/Roaming/TinyTeX/texmf-dist/tex/latex/base/size10.clo
File: size10.clo 2024/06/29 v1.4n Standard LaTeX file (size option)
)
\c@part=\count196
\c@section=\count197
\c@subsection=\count198
\c@subsubsection=\count199
\c@paragraph=\count266
\c@subparagraph=\count267
\c@figure=\count268
\c@table=\count269
\abovecaptionskip=\skip49
\belowcaptionskip=\skip50
\bibindent=\dimen141
) (c:/Users/Oscar/AppData/Roaming/TinyTeX/texmf-dist/tex/latex/amsmath/amsmath.sty
Package: amsmath 2024/11/05 v2.17t AMS math features
\@mathmargin=\skip51
For additional information on amsmath, use the `?' option.
(c:/Users/Oscar/AppData/Roaming/TinyTeX/texmf-dist/tex/latex/amsmath/amstext.sty
Package: amstext 2021/08/26 v2.01 AMS text
(c:/Users/Oscar/AppData/Roaming/TinyTeX/texmf-dist/tex/latex/amsmath/amsgen.sty
File: amsgen.sty 1999/11/30 v2.0 generic functions
\@emptytoks=\toks17
\ex@=\dimen142
)) (c:/Users/Oscar/AppData/Roaming/TinyTeX/texmf-dist/tex/latex/amsmath/amsbsy.sty
Package: amsbsy 1999/11/29 v1.2d Bold Symbols
\pmbraise@=\dimen143
) (c:/Users/Oscar/AppData/Roaming/TinyTeX/texmf-dist/tex/latex/amsmath/amsopn.sty
Package: amsopn 2022/04/08 v2.04 operator names
)
\inf@bad=\count270
LaTeX Info: Redefining \frac on input line 233.
\uproot@=\count271
\leftroot@=\count272
LaTeX Info: Redefining \overline on input line 398.
LaTeX Info: Redefining \colon on input line 409.
\classnum@=\count273
\DOTSCASE@=\count274
LaTeX Info: Redefining \ldots on input line 495.
LaTeX Info: Redefining \dots on input line 498.
LaTeX Info: Redefining \cdots on input line 619.
\Mathstrutbox@=\box52
\strutbox@=\box53
LaTeX Info: Redefining \big on input line 721.
LaTeX Info: Redefining \Big on input line 722.
LaTeX Info: Redefining \bigg on input line 723.
LaTeX Info: Redefining \Bigg on input line 724.
\big@size=\dimen144
LaTeX Font Info:    Redeclaring font encoding OML on input line 742.
LaTeX Font Info:    Redeclaring font encoding OMS on input line 743.
\macc@depth=\count275
LaTeX Info: Redefining \bmod on input line 904.
LaTeX Info: Redefining \pmod on input line 909.
LaTeX Info: Redefining \smash on input line 939.
LaTeX Info: Redefining \relbar on input line 969.
LaTeX Info: Redefining \Relbar on input line 970.
\c@MaxMatrixCols=\count276
\dotsspace@=\muskip17
\c@parentequation=\count277
\dspbrk@lvl=\count278
\tag@help=\toks18
\row@=\count279
\column@=\count280
\maxfields@=\count281
\andhelp@=\toks19
\eqnshift@=\dimen145
\alignsep@=\dimen146
\tagshift@=\dimen147
\tagwidth@=\dimen148
\totwidth@=\dimen149
\lineht@=\dimen150
\@envbody=\toks20
\multlinegap=\skip52
\multlinetaggap=\skip53
\mathdisplay@stack=\toks21
LaTeX Info: Redefining \[ on input line 2953.
LaTeX Info: Redefining \] on input line 2954.
) (c:/Users/Oscar/AppData/Roaming/TinyTeX/texmf-dist/tex/latex/amsfonts/amssymb.sty
Package: amssymb 2013/01/14 v3.01 AMS font symbols
(c:/Users/Oscar/AppData/Roaming/TinyTeX/texmf-dist/tex/latex/amsfonts/amsfonts.sty
Package: amsfonts 2013/01/14 v3.01 Basic AMSFonts support
\symAMSa=\mathgroup4
\symAMSb=\mathgroup5
LaTeX Font Info:    Redeclaring math symbol \hbar on input line 98.
LaTeX Font Info:    Overwriting math alphabet `\mathfrak' in version `bold'
(Font)                  U/euf/m/n --> U/euf/b/n on input line 106.
)) (c:/Users/Oscar/AppData/Roaming/TinyTeX/texmf-dist/tex/generic/iftex/iftex.sty
Package: iftex 2022/02/03 v1.0f TeX engine tests
) (c:/Users/Oscar/AppData/Roaming/TinyTeX/texmf-dist/tex/latex/base/fontenc.sty
Package: fontenc 2021/04/29 v2.0v Standard LaTeX package
) (c:/Users/Oscar/AppData/Roaming/TinyTeX/texmf-dist/tex/latex/base/inputenc.sty
Package: inputenc 2024/02/08 v1.3d Input encoding file
\inpenc@prehook=\toks22
\inpenc@posthook=\toks23
) (c:/Users/Oscar/AppData/Roaming/TinyTeX/texmf-dist/tex/latex/base/textcomp.sty
Package: textcomp 2024/04/24 v2.1b Standard LaTeX package
) (c:/Users/Oscar/AppData/Roaming/TinyTeX/texmf-dist/tex/latex/lm/lmodern.sty
Package: lmodern 2015/05/01 v1.6.1 Latin Modern Fonts
LaTeX Font Info:    Overwriting symbol font `operators' in version `normal'
(Font)                  OT1/cmr/m/n --> OT1/lmr/m/n on input line 22.
LaTeX Font Info:    Overwriting symbol font `letters' in version `normal'
(Font)                  OML/cmm/m/it --> OML/lmm/m/it on input line 23.
LaTeX Font Info:    Overwriting symbol font `symbols' in version `normal'
(Font)                  OMS/cmsy/m/n --> OMS/lmsy/m/n on input line 24.
LaTeX Font Info:    Overwriting symbol font `largesymbols' in version `normal'
(Font)                  OMX/cmex/m/n --> OMX/lmex/m/n on input line 25.
LaTeX Font Info:    Overwriting symbol font `operators' in version `bold'
(Font)                  OT1/cmr/bx/n --> OT1/lmr/bx/n on input line 26.
LaTeX Font Info:    Overwriting symbol font `letters' in version `bold'
(Font)                  OML/cmm/b/it --> OML/lmm/b/it on input line 27.
LaTeX Font Info:    Overwriting symbol font `symbols' in version `bold'
(Font)                  OMS/cmsy/b/n --> OMS/lmsy/b/n on input line 28.
LaTeX Font Info:    Overwriting symbol font `largesymbols' in version `bold'
(Font)                  OMX/cmex/m/n --> OMX/lmex/m/n on input line 29.
LaTeX Font Info:    Overwriting math alphabet `\mathbf' in version `normal'
(Font)                  OT1/cmr/bx/n --> OT1/lmr/bx/n on input line 31.
LaTeX Font Info:    Overwriting math alphabet `\mathsf' in version `normal'
(Font)                  OT1/cmss/m/n --> OT1/lmss/m/n on input line 32.
LaTeX Font Info:    Overwriting math alphabet `\mathit' in version `normal'
(Font)                  OT1/cmr/m/it --> OT1/lmr/m/it on input line 33.
LaTeX Font Info:    Overwriting math alphabet `\mathtt' in version `normal'
(Font)                  OT1/cmtt/m/n --> OT1/lmtt/m/n on input line 34.
LaTeX Font Info:    Overwriting math alphabet `\mathbf' in version `bold'
(Font)                  OT1/cmr/bx/n --> OT1/lmr/bx/n on input line 35.
LaTeX Font Info:    Overwriting math alphabet `\mathsf' in version `bold'
(Font)                  OT1/cmss/bx/n --> OT1/lmss/bx/n on input line 36.
LaTeX Font Info:    Overwriting math alphabet `\mathit' in version `bold'
(Font)                  OT1/cmr/bx/it --> OT1/lmr/bx/it on input line 37.
LaTeX Font Info:    Overwriting math alphabet `\mathtt' in version `bold'
(Font)                  OT1/cmtt/m/n --> OT1/lmtt/m/n on input line 38.
) (c:/Users/Oscar/AppData/Roaming/TinyTeX/texmf-dist/tex/latex/xcolor/xcolor.sty
Package: xcolor 2024/09/29 v3.02 LaTeX color extensions (UK)
(c:/Users/Oscar/AppData/Roaming/TinyTeX/texmf-dist/tex/latex/graphics-cfg/color.cfg
File: color.cfg 2016/01/02 v1.6 sample color configuration
)
Package xcolor Info: Driver file: pdftex.def on input line 274.
(c:/Users/Oscar/AppData/Roaming/TinyTeX/texmf-dist/tex/latex/graphics-def/pdftex.def
File: pdftex.def 2024/04/13 v1.2c Graphics/color driver for pdftex
) (c:/Users/Oscar/AppData/Roaming/TinyTeX/texmf-dist/tex/latex/graphics/mathcolor.ltx)
Package xcolor Info: Model `cmy' substituted by `cmy0' on input line 1349.
Package xcolor Info: Model `hsb' substituted by `rgb' on input line 1353.
Package xcolor Info: Model `RGB' extended on input line 1365.
Package xcolor Info: Model `HTML' substituted by `rgb' on input line 1367.
Package xcolor Info: Model `Hsb' substituted by `hsb' on input line 1368.
Package xcolor Info: Model `tHsb' substituted by `hsb' on input line 1369.
Package xcolor Info: Model `HSB' substituted by `hsb' on input line 1370.
Package xcolor Info: Model `Gray' substituted by `gray' on input line 1371.
Package xcolor Info: Model `wave' substituted by `hsb' on input line 1372.
) (c:/Users/Oscar/AppData/Roaming/TinyTeX/texmf-dist/tex/latex/geometry/geometry.sty
Package: geometry 2020/01/02 v5.9 Page Geometry
(c:/Users/Oscar/AppData/Roaming/TinyTeX/texmf-dist/tex/latex/graphics/keyval.sty
Package: keyval 2022/05/29 v1.15 key=value parser (DPC)
\KV@toks@=\toks24
) (c:/Users/Oscar/AppData/Roaming/TinyTeX/texmf-dist/tex/generic/iftex/ifvtex.sty
Package: ifvtex 2019/10/25 v1.7 ifvtex legacy package. Use iftex instead.
)
\Gm@cnth=\count282
\Gm@cntv=\count283
\c@Gm@tempcnt=\count284
\Gm@bindingoffset=\dimen151
\Gm@wd@mp=\dimen152
\Gm@odd@mp=\dimen153
\Gm@even@mp=\dimen154
\Gm@layoutwidth=\dimen155
\Gm@layoutheight=\dimen156
\Gm@layouthoffset=\dimen157
\Gm@layoutvoffset=\dimen158
\Gm@dimlist=\toks25
) (c:/Users/Oscar/AppData/Roaming/TinyTeX/texmf-dist/tex/latex/tools/longtable.sty
Package: longtable 2024-10-27 v4.22 Multi-page Table package (DPC)
\LTleft=\skip54
\LTright=\skip55
\LTpre=\skip56
\LTpost=\skip57
\LTchunksize=\count285
\LTcapwidth=\dimen159
\LT@head=\box54
\LT@firsthead=\box55
\LT@foot=\box56
\LT@lastfoot=\box57
\LT@gbox=\box58
\LT@cols=\count286
\LT@rows=\count287
\c@LT@tables=\count288
\c@LT@chunks=\count289
\LT@p@ftn=\toks26
) (c:/Users/Oscar/AppData/Roaming/TinyTeX/texmf-dist/tex/latex/booktabs/booktabs.sty
Package: booktabs 2020/01/12 v1.61803398 Publication quality tables
\heavyrulewidth=\dimen160
\lightrulewidth=\dimen161
\cmidrulewidth=\dimen162
\belowrulesep=\dimen163
\belowbottomsep=\dimen164
\aboverulesep=\dimen165
\abovetopsep=\dimen166
\cmidrulesep=\dimen167
\cmidrulekern=\dimen168
\defaultaddspace=\dimen169
\@cmidla=\count290
\@cmidlb=\count291
\@aboverulesep=\dimen170
\@belowrulesep=\dimen171
\@thisruleclass=\count292
\@lastruleclass=\count293
\@thisrulewidth=\dimen172
) (c:/Users/Oscar/AppData/Roaming/TinyTeX/texmf-dist/tex/latex/tools/array.sty
Package: array 2024/10/17 v2.6g Tabular extension package (FMi)
\col@sep=\dimen173
\ar@mcellbox=\box59
\extrarowheight=\dimen174
\NC@list=\toks27
\extratabsurround=\skip58
\backup@length=\skip59
\ar@cellbox=\box60
) (c:/Users/Oscar/AppData/Roaming/TinyTeX/texmf-dist/tex/latex/tools/calc.sty
Package: calc 2023/07/08 v4.3 Infix arithmetic (KKT,FJ)
\calc@Acount=\count294
\calc@Bcount=\count295
\calc@Adimen=\dimen175
\calc@Bdimen=\dimen176
\calc@Askip=\skip60
\calc@Bskip=\skip61
LaTeX Info: Redefining \setlength on input line 80.
LaTeX Info: Redefining \addtolength on input line 81.
\calc@Ccount=\count296
\calc@Cskip=\skip62
) (c:/Users/Oscar/AppData/Roaming/TinyTeX/texmf-dist/tex/latex/etoolbox/etoolbox.sty
Package: etoolbox 2020/10/05 v2.5k e-TeX tools for LaTeX (JAW)
\etb@tempcnta=\count297
) (c:/Users/Oscar/AppData/Roaming/TinyTeX/texmf-dist/tex/latex/mdwtools/footnote.sty
Package: footnote 1997/01/28 1.13 Save footnotes around boxes
\fn@notes=\box61
\fn@width=\dimen177
) (c:/Users/Oscar/AppData/Roaming/TinyTeX/texmf-dist/tex/latex/graphics/graphicx.sty
Package: graphicx 2021/09/16 v1.2d Enhanced LaTeX Graphics (DPC,SPQR)
(c:/Users/Oscar/AppData/Roaming/TinyTeX/texmf-dist/tex/latex/graphics/graphics.sty
Package: graphics 2024/08/06 v1.4g Standard LaTeX Graphics (DPC,SPQR)
(c:/Users/Oscar/AppData/Roaming/TinyTeX/texmf-dist/tex/latex/graphics/trig.sty
Package: trig 2023/12/02 v1.11 sin cos tan (DPC)
) (c:/Users/Oscar/AppData/Roaming/TinyTeX/texmf-dist/tex/latex/graphics-cfg/graphics.cfg
File: graphics.cfg 2016/06/04 v1.11 sample graphics configuration
)
Package graphics Info: Driver file: pdftex.def on input line 106.
)
\Gin@req@height=\dimen178
\Gin@req@width=\dimen179
) (c:/Users/Oscar/AppData/Roaming/TinyTeX/texmf-dist/tex/latex/bookmark/bookmark.sty
Package: bookmark 2023-12-10 v1.31 PDF bookmarks (HO)
(c:/Users/Oscar/AppData/Roaming/TinyTeX/texmf-dist/tex/latex/hyperref/hyperref.sty
Package: hyperref 2024-11-05 v7.01l Hypertext links for LaTeX
(c:/Users/Oscar/AppData/Roaming/TinyTeX/texmf-dist/tex/latex/kvsetkeys/kvsetkeys.sty
Package: kvsetkeys 2022-10-05 v1.19 Key value parser (HO)
) (c:/Users/Oscar/AppData/Roaming/TinyTeX/texmf-dist/tex/generic/kvdefinekeys/kvdefinekeys.sty
Package: kvdefinekeys 2019-12-19 v1.6 Define keys (HO)
) (c:/Users/Oscar/AppData/Roaming/TinyTeX/texmf-dist/tex/generic/pdfescape/pdfescape.sty
Package: pdfescape 2019/12/09 v1.15 Implements pdfTeX's escape features (HO)
(c:/Users/Oscar/AppData/Roaming/TinyTeX/texmf-dist/tex/generic/ltxcmds/ltxcmds.sty
Package: ltxcmds 2023-12-04 v1.26 LaTeX kernel commands for general use (HO)
) (c:/Users/Oscar/AppData/Roaming/TinyTeX/texmf-dist/tex/generic/pdftexcmds/pdftexcmds.sty
Package: pdftexcmds 2020-06-27 v0.33 Utility functions of pdfTeX for LuaTeX (HO)
(c:/Users/Oscar/AppData/Roaming/TinyTeX/texmf-dist/tex/generic/infwarerr/infwarerr.sty
Package: infwarerr 2019/12/03 v1.5 Providing info/warning/error messages (HO)
)
Package pdftexcmds Info: \pdf@primitive is available.
Package pdftexcmds Info: \pdf@ifprimitive is available.
Package pdftexcmds Info: \pdfdraftmode found.
)) (c:/Users/Oscar/AppData/Roaming/TinyTeX/texmf-dist/tex/latex/hycolor/hycolor.sty
Package: hycolor 2020-01-27 v1.10 Color options for hyperref/bookmark (HO)
) (c:/Users/Oscar/AppData/Roaming/TinyTeX/texmf-dist/tex/latex/hyperref/nameref.sty
Package: nameref 2023-11-26 v2.56 Cross-referencing by name of section
(c:/Users/Oscar/AppData/Roaming/TinyTeX/texmf-dist/tex/latex/refcount/refcount.sty
Package: refcount 2019/12/15 v3.6 Data extraction from label references (HO)
) (c:/Users/Oscar/AppData/Roaming/TinyTeX/texmf-dist/tex/generic/gettitlestring/gettitlestring.sty
Package: gettitlestring 2019/12/15 v1.6 Cleanup title references (HO)
(c:/Users/Oscar/AppData/Roaming/TinyTeX/texmf-dist/tex/latex/kvoptions/kvoptions.sty
Package: kvoptions 2022-06-15 v3.15 Key value format for package options (HO)
))
\c@section@level=\count298
) (c:/Users/Oscar/AppData/Roaming/TinyTeX/texmf-dist/tex/generic/stringenc/stringenc.sty
Package: stringenc 2019/11/29 v1.12 Convert strings between diff. encodings (HO)
)
\@linkdim=\dimen180
\Hy@linkcounter=\count299
\Hy@pagecounter=\count300
(c:/Users/Oscar/AppData/Roaming/TinyTeX/texmf-dist/tex/latex/hyperref/pd1enc.def
File: pd1enc.def 2024-11-05 v7.01l Hyperref: PDFDocEncoding definition (HO)
Now handling font encoding PD1 ...
... no UTF-8 mapping file for font encoding PD1
) (c:/Users/Oscar/AppData/Roaming/TinyTeX/texmf-dist/tex/generic/intcalc/intcalc.sty
Package: intcalc 2019/12/15 v1.3 Expandable calculations with integers (HO)
)
\Hy@SavedSpaceFactor=\count301
(c:/Users/Oscar/AppData/Roaming/TinyTeX/texmf-dist/tex/latex/hyperref/puenc.def
File: puenc.def 2024-11-05 v7.01l Hyperref: PDF Unicode definition (HO)
Now handling font encoding PU ...
... no UTF-8 mapping file for font encoding PU
)
Package hyperref Info: Option `unicode' set `true' on input line 4040.
Package hyperref Info: Hyper figures OFF on input line 4157.
Package hyperref Info: Link nesting OFF on input line 4162.
Package hyperref Info: Hyper index ON on input line 4165.
Package hyperref Info: Plain pages OFF on input line 4172.
Package hyperref Info: Backreferencing OFF on input line 4177.
Package hyperref Info: Implicit mode ON; LaTeX internals redefined.
Package hyperref Info: Bookmarks ON on input line 4424.
\c@Hy@tempcnt=\count302
(c:/Users/Oscar/AppData/Roaming/TinyTeX/texmf-dist/tex/latex/url/url.sty
\Urlmuskip=\muskip18
Package: url 2013/09/16  ver 3.4  Verb mode for urls, etc.
)
LaTeX Info: Redefining \url on input line 4763.
\XeTeXLinkMargin=\dimen181
(c:/Users/Oscar/AppData/Roaming/TinyTeX/texmf-dist/tex/generic/bitset/bitset.sty
Package: bitset 2019/12/09 v1.3 Handle bit-vector datatype (HO)
(c:/Users/Oscar/AppData/Roaming/TinyTeX/texmf-dist/tex/generic/bigintcalc/bigintcalc.sty
Package: bigintcalc 2019/12/15 v1.5 Expandable calculations on big integers (HO)
))
\Fld@menulength=\count303
\Field@Width=\dimen182
\Fld@charsize=\dimen183
Package hyperref Info: Hyper figures OFF on input line 6042.
Package hyperref Info: Link nesting OFF on input line 6047.
Package hyperref Info: Hyper index ON on input line 6050.
Package hyperref Info: backreferencing OFF on input line 6057.
Package hyperref Info: Link coloring OFF on input line 6062.
Package hyperref Info: Link coloring with OCG OFF on input line 6067.
Package hyperref Info: PDF/A mode OFF on input line 6072.
(c:/Users/Oscar/AppData/Roaming/TinyTeX/texmf-dist/tex/latex/base/atbegshi-ltx.sty
Package: atbegshi-ltx 2021/01/10 v1.0c Emulation of the original atbegshi
package with kernel methods
)
\Hy@abspage=\count304
\c@Item=\count305
\c@Hfootnote=\count306
)
Package hyperref Info: Driver (autodetected): hpdftex.
(c:/Users/Oscar/AppData/Roaming/TinyTeX/texmf-dist/tex/latex/hyperref/hpdftex.def
File: hpdftex.def 2024-11-05 v7.01l Hyperref driver for pdfTeX
(c:/Users/Oscar/AppData/Roaming/TinyTeX/texmf-dist/tex/latex/base/atveryend-ltx.sty
Package: atveryend-ltx 2020/08/19 v1.0a Emulation of the original atveryend package
with kernel methods
)
\Fld@listcount=\count307
\c@bookmark@seq@number=\count308
(c:/Users/Oscar/AppData/Roaming/TinyTeX/texmf-dist/tex/latex/rerunfilecheck/rerunfilecheck.sty
Package: rerunfilecheck 2022-07-10 v1.10 Rerun checks for auxiliary files (HO)
(c:/Users/Oscar/AppData/Roaming/TinyTeX/texmf-dist/tex/generic/uniquecounter/uniquecounter.sty
Package: uniquecounter 2019/12/15 v1.4 Provide unlimited unique counter (HO)
)
Package uniquecounter Info: New unique counter `rerunfilecheck' on input line 285.
)
\Hy@SectionHShift=\skip63
) (c:/Users/Oscar/AppData/Roaming/TinyTeX/texmf-dist/tex/latex/bookmark/bkm-pdftex.def
File: bkm-pdftex.def 2023-12-10 v1.31 bookmark driver for pdfTeX and luaTeX (HO)
\BKM@id=\count309
))
LaTeX Font Info:    Trying to load font information for T1+lmr on input line 83.
(c:/Users/Oscar/AppData/Roaming/TinyTeX/texmf-dist/tex/latex/lm/t1lmr.fd
File: t1lmr.fd 2015/05/01 v1.6.1 Font defs for Latin Modern
) (c:/Users/Oscar/AppData/Roaming/TinyTeX/texmf-dist/tex/latex/l3backend/l3backend-pdftex.def
File: l3backend-pdftex.def 2024-05-08 L3 backend support: PDF output (pdfTeX)
\l__color_backend_stack_int=\count310
\l__pdf_internal_box=\box62
) (./_main.aux)
\openout1 = `_main.aux'.

LaTeX Font Info:    Checking defaults for OML/cmm/m/it on input line 83.
LaTeX Font Info:    ... okay on input line 83.
LaTeX Font Info:    Checking defaults for OMS/cmsy/m/n on input line 83.
LaTeX Font Info:    ... okay on input line 83.
LaTeX Font Info:    Checking defaults for OT1/cmr/m/n on input line 83.
LaTeX Font Info:    ... okay on input line 83.
LaTeX Font Info:    Checking defaults for T1/cmr/m/n on input line 83.
LaTeX Font Info:    ... okay on input line 83.
LaTeX Font Info:    Checking defaults for TS1/cmr/m/n on input line 83.
LaTeX Font Info:    ... okay on input line 83.
LaTeX Font Info:    Checking defaults for OMX/cmex/m/n on input line 83.
LaTeX Font Info:    ... okay on input line 83.
LaTeX Font Info:    Checking defaults for U/cmr/m/n on input line 83.
LaTeX Font Info:    ... okay on input line 83.
LaTeX Font Info:    Checking defaults for PD1/pdf/m/n on input line 83.
LaTeX Font Info:    ... okay on input line 83.
LaTeX Font Info:    Checking defaults for PU/pdf/m/n on input line 83.
LaTeX Font Info:    ... okay on input line 83.
(c:/Users/Oscar/AppData/Roaming/TinyTeX/texmf-dist/tex/latex/epstopdf-pkg/epstopdf-base.sty
Package: epstopdf-base 2020-01-24 v2.11 Base part for package epstopdf
Package epstopdf-base Info: Redefining graphics rule for `.eps' on input line 485.
(c:/Users/Oscar/AppData/Roaming/TinyTeX/texmf-dist/tex/latex/latexconfig/epstopdf-sys.cfg
File: epstopdf-sys.cfg 2010/07/13 v1.3 Configuration of (r)epstopdf for TeX Live
))
*geometry* driver: auto-detecting
*geometry* detected driver: pdftex
*geometry* verbose mode - [ preamble ] result:
* driver: pdftex
* paper: <default>
* layout: <same size as paper>
* layoutoffset:(h,v)=(0.0pt,0.0pt)
* modes: 
* h-part:(L,W,R)=(72.26999pt, 469.75502pt, 72.26999pt)
* v-part:(T,H,B)=(72.26999pt, 650.43001pt, 72.26999pt)
* \paperwidth=614.295pt
* \paperheight=794.96999pt
* \textwidth=469.75502pt
* \textheight=650.43001pt
* \oddsidemargin=0.0pt
* \evensidemargin=0.0pt
* \topmargin=-37.0pt
* \headheight=12.0pt
* \headsep=25.0pt
* \topskip=10.0pt
* \footskip=30.0pt
* \marginparwidth=65.0pt
* \marginparsep=11.0pt
* \columnsep=10.0pt
* \skip\footins=9.0pt plus 4.0pt minus 2.0pt
* \hoffset=0.0pt
* \voffset=0.0pt
* \mag=1000
* \@twocolumnfalse
* \@twosidefalse
* \@mparswitchfalse
* \@reversemarginfalse
* (1in=72.27pt=25.4mm, 1cm=28.453pt)

Package hyperref Info: Link coloring OFF on input line 83.
LaTeX Font Info:    Trying to load font information for OT1+lmr on input line 85.
(c:/Users/Oscar/AppData/Roaming/TinyTeX/texmf-dist/tex/latex/lm/ot1lmr.fd
File: ot1lmr.fd 2015/05/01 v1.6.1 Font defs for Latin Modern
)
LaTeX Font Info:    Trying to load font information for OML+lmm on input line 85.
(c:/Users/Oscar/AppData/Roaming/TinyTeX/texmf-dist/tex/latex/lm/omllmm.fd
File: omllmm.fd 2015/05/01 v1.6.1 Font defs for Latin Modern
)
LaTeX Font Info:    Trying to load font information for OMS+lmsy on input line 85.
(c:/Users/Oscar/AppData/Roaming/TinyTeX/texmf-dist/tex/latex/lm/omslmsy.fd
File: omslmsy.fd 2015/05/01 v1.6.1 Font defs for Latin Modern
)
LaTeX Font Info:    Trying to load font information for OMX+lmex on input line 85.
(c:/Users/Oscar/AppData/Roaming/TinyTeX/texmf-dist/tex/latex/lm/omxlmex.fd
File: omxlmex.fd 2015/05/01 v1.6.1 Font defs for Latin Modern
)
LaTeX Font Info:    External font `lmex10' loaded for size
(Font)              <12> on input line 85.
LaTeX Font Info:    External font `lmex10' loaded for size
(Font)              <8> on input line 85.
LaTeX Font Info:    External font `lmex10' loaded for size
(Font)              <6> on input line 85.
LaTeX Font Info:    Trying to load font information for U+msa on input line 85.
(c:/Users/Oscar/AppData/Roaming/TinyTeX/texmf-dist/tex/latex/amsfonts/umsa.fd
File: umsa.fd 2013/01/14 v3.01 AMS symbols A
)
LaTeX Font Info:    Trying to load font information for U+msb on input line 85.
(c:/Users/Oscar/AppData/Roaming/TinyTeX/texmf-dist/tex/latex/amsfonts/umsb.fd
File: umsb.fd 2013/01/14 v3.01 AMS symbols B
) (./_main.toc
LaTeX Font Info:    External font `lmex10' loaded for size
(Font)              <10> on input line 1.
LaTeX Font Info:    External font `lmex10' loaded for size
(Font)              <7> on input line 1.
LaTeX Font Info:    External font `lmex10' loaded for size
(Font)              <5> on input line 1.
)
\tf@toc=\write3
\openout3 = `_main.toc'.



[1

{c:/Users/Oscar/AppData/Roaming/TinyTeX/texmf-var/fonts/map/pdftex/updmap/pdftex.map}{c:/Users/Oscar/AppData/Roaming/TinyTeX/texmf-dist/fonts/enc/dvips/lm/lm-ec.enc}]
LaTeX Font Info:    Trying to load font information for TS1+lmr on input line 95.
(c:/Users/Oscar/AppData/Roaming/TinyTeX/texmf-dist/tex/latex/lm/ts1lmr.fd
File: ts1lmr.fd 2015/05/01 v1.6.1 Font defs for Latin Modern
)
LaTeX Font Info:    Trying to load font information for T1+lmtt on input line 120.
(c:/Users/Oscar/AppData/Roaming/TinyTeX/texmf-dist/tex/latex/lm/t1lmtt.fd
File: t1lmtt.fd 2015/05/01 v1.6.1 Font defs for Latin Modern
)
Overfull \hbox (28.99353pt too wide) in paragraph at lines 147--147
[]\T1/lmtt/m/n/10 ## Warning: One or more parsing issues, call `problems()` on your data frame for details, e.g.:[] 
 []


Overfull \hbox (144.4932pt too wide) in paragraph at lines 167--167
[]\T1/lmtt/m/n/10 ##    Basin Number NameYear Name    ObservYear Month   Day  Hour Minute Identifier status latitude longitude max_wind[] 
 []


Overfull \hbox (144.4932pt too wide) in paragraph at lines 167--167
[]\T1/lmtt/m/n/10 ##    <chr>  <int>    <int> <chr>        <int> <int> <int> <int>  <int> <chr>      <chr>  <chr>    <chr>        <dbl>[] 
 []


Overfull \hbox (144.4932pt too wide) in paragraph at lines 167--167
[]\T1/lmtt/m/n/10 ##  1 AL         1     1851 UNNAMED       1851     6    25     0      0 <NA>       HU     28.0N    94.8W           80[] 
 []


Overfull \hbox (144.4932pt too wide) in paragraph at lines 167--167
[]\T1/lmtt/m/n/10 ##  2 AL         1     1851 UNNAMED       1851     6    25     6      0 <NA>       HU     28.0N    95.4W           80[] 
 []


Overfull \hbox (144.4932pt too wide) in paragraph at lines 167--167
[]\T1/lmtt/m/n/10 ##  3 AL         1     1851 UNNAMED       1851     6    25    12      0 <NA>       HU     28.0N    96.0W           80[] 
 []


Overfull \hbox (144.4932pt too wide) in paragraph at lines 167--167
[]\T1/lmtt/m/n/10 ##  4 AL         1     1851 UNNAMED       1851     6    25    18      0 <NA>       HU     28.1N    96.5W           80[] 
 []


Overfull \hbox (144.4932pt too wide) in paragraph at lines 167--167
[]\T1/lmtt/m/n/10 ##  5 AL         1     1851 UNNAMED       1851     6    25    21      0 L          HU     28.2N    96.8W           80[] 
 []


Overfull \hbox (144.4932pt too wide) in paragraph at lines 167--167
[]\T1/lmtt/m/n/10 ##  6 AL         1     1851 UNNAMED       1851     6    26     0      0 <NA>       HU     28.2N    97.0W           70[] 
 []


Overfull \hbox (144.4932pt too wide) in paragraph at lines 167--167
[]\T1/lmtt/m/n/10 ##  7 AL         1     1851 UNNAMED       1851     6    26     6      0 <NA>       TS     28.3N    97.6W           60[] 
 []



[2{c:/Users/Oscar/AppData/Roaming/TinyTeX/texmf-dist/fonts/enc/dvips/lm/lm-ts1.enc}]
Overfull \hbox (144.4932pt too wide) in paragraph at lines 167--167
[]\T1/lmtt/m/n/10 ##  8 AL         1     1851 UNNAMED       1851     6    26    12      0 <NA>       TS     28.4N    98.3W           60[] 
 []


Overfull \hbox (144.4932pt too wide) in paragraph at lines 167--167
[]\T1/lmtt/m/n/10 ##  9 AL         1     1851 UNNAMED       1851     6    26    18      0 <NA>       TS     28.6N    98.9W           50[] 
 []


Overfull \hbox (144.4932pt too wide) in paragraph at lines 167--167
[]\T1/lmtt/m/n/10 ## 10 AL         1     1851 UNNAMED       1851     6    27     0      0 <NA>       TS     29.0N    99.4W           50[] 
 []


Overfull \hbox (81.49338pt too wide) in paragraph at lines 167--167
[]\T1/lmtt/m/n/10 ## # i 14 more variables: min_pressure <dbl>, NE_extend_34 <dbl>, SE_extend_34 <dbl>, SW_extend_34 <dbl>,[] 
 []


Overfull \hbox (86.74336pt too wide) in paragraph at lines 167--167
[]\T1/lmtt/m/n/10 ## #   NW_extend_34 <dbl>, NE_extend_50 <dbl>, SE_extend_50 <dbl>, SW_extend_50 <dbl>, NW_extend_50 <dbl>,[] 
 []


Overfull \hbox (70.99341pt too wide) in paragraph at lines 167--167
[]\T1/lmtt/m/n/10 ## #   NE_extend_64 <dbl>, SE_extend_64 <dbl>, SW_extend_64 <dbl>, NW_extend_64 <dbl>, r_max_wind <dbl>[] 
 []


Overfull \hbox (28.99353pt too wide) in paragraph at lines 177--177
[]\T1/lmtt/m/n/10 ## Warning: One or more parsing issues, call `problems()` on your data frame for details, e.g.:[] 
 []


Overfull \hbox (144.4932pt too wide) in paragraph at lines 197--197
[]\T1/lmtt/m/n/10 ##    Basin Number NameYear Name    ObservYear Month   Day  Hour Minute Identifier status latitude longitude max_wind[] 
 []


Overfull \hbox (144.4932pt too wide) in paragraph at lines 197--197
[]\T1/lmtt/m/n/10 ##    <chr>  <int>    <int> <chr>        <int> <int> <int> <int>  <int> <chr>      <chr>  <chr>    <chr>        <dbl>[] 
 []


Overfull \hbox (144.4932pt too wide) in paragraph at lines 197--197
[]\T1/lmtt/m/n/10 ##  1 EP         1     1949 UNNAMED       1949     6    11     0      0 <NA>       TS     20.2N    106.3W          45[] 
 []


Overfull \hbox (144.4932pt too wide) in paragraph at lines 197--197
[]\T1/lmtt/m/n/10 ##  2 EP         1     1949 UNNAMED       1949     6    11     6      0 <NA>       TS     20.2N    106.4W          45[] 
 []


Overfull \hbox (144.4932pt too wide) in paragraph at lines 197--197
[]\T1/lmtt/m/n/10 ##  3 EP         1     1949 UNNAMED       1949     6    11    12      0 <NA>       TS     20.2N    106.7W          45[] 
 []


Overfull \hbox (144.4932pt too wide) in paragraph at lines 197--197
[]\T1/lmtt/m/n/10 ##  4 EP         1     1949 UNNAMED       1949     6    11    18      0 <NA>       TS     20.3N    107.7W          45[] 
 []


Overfull \hbox (144.4932pt too wide) in paragraph at lines 197--197
[]\T1/lmtt/m/n/10 ##  5 EP         1     1949 UNNAMED       1949     6    12     0      0 <NA>       TS     20.4N    108.6W          45[] 
 []


Overfull \hbox (144.4932pt too wide) in paragraph at lines 197--197
[]\T1/lmtt/m/n/10 ##  6 EP         1     1949 UNNAMED       1949     6    12     6      0 <NA>       TS     20.5N    109.4W          45[] 
 []


Overfull \hbox (144.4932pt too wide) in paragraph at lines 197--197
[]\T1/lmtt/m/n/10 ##  7 EP         1     1949 UNNAMED       1949     6    12    12      0 <NA>       TS     20.6N    110.2W          45[] 
 []


Overfull \hbox (144.4932pt too wide) in paragraph at lines 197--197
[]\T1/lmtt/m/n/10 ##  8 EP         2     1949 UNNAMED       1949     6    17    12      0 <NA>       TS     14.1N    107.0W          45[] 
 []


Overfull \hbox (144.4932pt too wide) in paragraph at lines 197--197
[]\T1/lmtt/m/n/10 ##  9 EP         2     1949 UNNAMED       1949     6    17    18      0 <NA>       TS     14.6N    107.7W          45[] 
 []


Overfull \hbox (144.4932pt too wide) in paragraph at lines 197--197
[]\T1/lmtt/m/n/10 ## 10 EP         2     1949 UNNAMED       1949     6    18     0      0 <NA>       TS     15.0N    108.4W          45[] 
 []


Overfull \hbox (81.49338pt too wide) in paragraph at lines 197--197
[]\T1/lmtt/m/n/10 ## # i 14 more variables: min_pressure <dbl>, NE_extend_34 <dbl>, SE_extend_34 <dbl>, SW_extend_34 <dbl>,[] 
 []


Overfull \hbox (86.74336pt too wide) in paragraph at lines 197--197
[]\T1/lmtt/m/n/10 ## #   NW_extend_34 <dbl>, NE_extend_50 <dbl>, SE_extend_50 <dbl>, SW_extend_50 <dbl>, NW_extend_50 <dbl>,[] 
 []


Overfull \hbox (70.99341pt too wide) in paragraph at lines 197--197
[]\T1/lmtt/m/n/10 ## #   NE_extend_64 <dbl>, SE_extend_64 <dbl>, SW_extend_64 <dbl>, NW_extend_64 <dbl>, r_max_wind <dbl>[] 
 []


Overfull \hbox (144.4932pt too wide) in paragraph at lines 227--227
[]\T1/lmtt/m/n/10 ##    Basin Number NameYear Name    ObservYear Month   Day  Hour Minute Identifier status latitude longitude max_wind[] 
 []


Overfull \hbox (144.4932pt too wide) in paragraph at lines 227--227
[]\T1/lmtt/m/n/10 ##    <chr>  <int>    <int> <chr>        <int> <int> <int> <int>  <int> <chr>      <chr>  <chr>    <chr>        <dbl>[] 
 []


Overfull \hbox (144.4932pt too wide) in paragraph at lines 227--227
[]\T1/lmtt/m/n/10 ##  1 AL         1     1851 UNNAMED       1851     6    25     0      0 <NA>       HU     28.0N    94.8W           80[] 
 []


Overfull \hbox (144.4932pt too wide) in paragraph at lines 227--227
[]\T1/lmtt/m/n/10 ##  2 AL         1     1851 UNNAMED       1851     6    25     6      0 <NA>       HU     28.0N    95.4W           80[] 
 []


Overfull \hbox (144.4932pt too wide) in paragraph at lines 227--227
[]\T1/lmtt/m/n/10 ##  3 AL         1     1851 UNNAMED       1851     6    25    12      0 <NA>       HU     28.0N    96.0W           80[] 
 []


Overfull \hbox (144.4932pt too wide) in paragraph at lines 227--227
[]\T1/lmtt/m/n/10 ##  4 AL         1     1851 UNNAMED       1851     6    25    18      0 <NA>       HU     28.1N    96.5W           80[] 
 []


Overfull \hbox (144.4932pt too wide) in paragraph at lines 227--227
[]\T1/lmtt/m/n/10 ##  5 AL         1     1851 UNNAMED       1851     6    25    21      0 L          HU     28.2N    96.8W           80[] 
 []


Overfull \hbox (144.4932pt too wide) in paragraph at lines 227--227
[]\T1/lmtt/m/n/10 ##  6 AL         1     1851 UNNAMED       1851     6    26     0      0 <NA>       HU     28.2N    97.0W           70[] 
 []


Overfull \hbox (144.4932pt too wide) in paragraph at lines 227--227
[]\T1/lmtt/m/n/10 ##  7 AL         1     1851 UNNAMED       1851     6    26     6      0 <NA>       TS     28.3N    97.6W           60[] 
 []


Overfull \hbox (144.4932pt too wide) in paragraph at lines 227--227
[]\T1/lmtt/m/n/10 ##  8 AL         1     1851 UNNAMED       1851     6    26    12      0 <NA>       TS     28.4N    98.3W           60[] 
 []



[3]
Overfull \hbox (144.4932pt too wide) in paragraph at lines 227--227
[]\T1/lmtt/m/n/10 ##  9 AL         1     1851 UNNAMED       1851     6    26    18      0 <NA>       TS     28.6N    98.9W           50[] 
 []


Overfull \hbox (144.4932pt too wide) in paragraph at lines 227--227
[]\T1/lmtt/m/n/10 ## 10 AL         1     1851 UNNAMED       1851     6    27     0      0 <NA>       TS     29.0N    99.4W           50[] 
 []


Overfull \hbox (81.49338pt too wide) in paragraph at lines 227--227
[]\T1/lmtt/m/n/10 ## # i 14 more variables: min_pressure <dbl>, NE_extend_34 <dbl>, SE_extend_34 <dbl>, SW_extend_34 <dbl>,[] 
 []


Overfull \hbox (86.74336pt too wide) in paragraph at lines 227--227
[]\T1/lmtt/m/n/10 ## #   NW_extend_34 <dbl>, NE_extend_50 <dbl>, SE_extend_50 <dbl>, SW_extend_50 <dbl>, NW_extend_50 <dbl>,[] 
 []


Overfull \hbox (70.99341pt too wide) in paragraph at lines 227--227
[]\T1/lmtt/m/n/10 ## #   NE_extend_64 <dbl>, SE_extend_64 <dbl>, SW_extend_64 <dbl>, NW_extend_64 <dbl>, r_max_wind <dbl>[] 
 []


Overfull \hbox (144.4932pt too wide) in paragraph at lines 274--274
[]\T1/lmtt/m/n/10 ##    Basin Number NameYear Name    ObservYear Month   Day  Hour Minute Identifier status latitude longitude max_wind[] 
 []


Overfull \hbox (144.4932pt too wide) in paragraph at lines 274--274
[]\T1/lmtt/m/n/10 ##    <chr>  <int>    <int> <chr>        <int> <int> <int> <int>  <int> <chr>      <chr>  <chr>    <chr>        <dbl>[] 
 []


Overfull \hbox (144.4932pt too wide) in paragraph at lines 274--274
[]\T1/lmtt/m/n/10 ##  1 AL         1     1851 UNNAMED       1851     6    25     0      0 <NA>       HU     28.0N    94.8W           80[] 
 []


Overfull \hbox (144.4932pt too wide) in paragraph at lines 274--274
[]\T1/lmtt/m/n/10 ##  2 AL         1     1851 UNNAMED       1851     6    25     6      0 <NA>       HU     28.0N    95.4W           80[] 
 []


Overfull \hbox (144.4932pt too wide) in paragraph at lines 274--274
[]\T1/lmtt/m/n/10 ##  3 AL         1     1851 UNNAMED       1851     6    25    12      0 <NA>       HU     28.0N    96.0W           80[] 
 []


Overfull \hbox (144.4932pt too wide) in paragraph at lines 274--274
[]\T1/lmtt/m/n/10 ##  4 AL         1     1851 UNNAMED       1851     6    25    18      0 <NA>       HU     28.1N    96.5W           80[] 
 []


Overfull \hbox (144.4932pt too wide) in paragraph at lines 274--274
[]\T1/lmtt/m/n/10 ##  5 AL         1     1851 UNNAMED       1851     6    25    21      0 L          HU     28.2N    96.8W           80[] 
 []


Overfull \hbox (144.4932pt too wide) in paragraph at lines 274--274
[]\T1/lmtt/m/n/10 ##  6 AL         1     1851 UNNAMED       1851     6    26     0      0 <NA>       HU     28.2N    97.0W           70[] 
 []


Overfull \hbox (144.4932pt too wide) in paragraph at lines 274--274
[]\T1/lmtt/m/n/10 ##  7 AL         1     1851 UNNAMED       1851     6    26     6      0 <NA>       TS     28.3N    97.6W           60[] 
 []


Overfull \hbox (144.4932pt too wide) in paragraph at lines 274--274
[]\T1/lmtt/m/n/10 ##  8 AL         1     1851 UNNAMED       1851     6    26    12      0 <NA>       TS     28.4N    98.3W           60[] 
 []


Overfull \hbox (144.4932pt too wide) in paragraph at lines 274--274
[]\T1/lmtt/m/n/10 ##  9 AL         1     1851 UNNAMED       1851     6    26    18      0 <NA>       TS     28.6N    98.9W           50[] 
 []


Overfull \hbox (144.4932pt too wide) in paragraph at lines 274--274
[]\T1/lmtt/m/n/10 ## 10 AL         1     1851 UNNAMED       1851     6    27     0      0 <NA>       TS     29.0N    99.4W           50[] 
 []


Overfull \hbox (81.49338pt too wide) in paragraph at lines 274--274
[]\T1/lmtt/m/n/10 ## # i 17 more variables: min_pressure <dbl>, NE_extend_34 <dbl>, SE_extend_34 <dbl>, SW_extend_34 <dbl>,[] 
 []


Overfull \hbox (86.74336pt too wide) in paragraph at lines 274--274
[]\T1/lmtt/m/n/10 ## #   NW_extend_34 <dbl>, NE_extend_50 <dbl>, SE_extend_50 <dbl>, SW_extend_50 <dbl>, NW_extend_50 <dbl>,[] 
 []


Overfull \hbox (133.99323pt too wide) in paragraph at lines 274--274
[]\T1/lmtt/m/n/10 ## #   NE_extend_64 <dbl>, SE_extend_64 <dbl>, SW_extend_64 <dbl>, NW_extend_64 <dbl>, r_max_wind <dbl>, lat <dbl>,[] 
 []



[4]
Overfull \hbox (144.4932pt too wide) in paragraph at lines 305--305
[]\T1/lmtt/m/n/10 ##    Basin Number NameYear Name    ObservYear Month   Day  Hour Minute Identifier status latitude longitude max_wind[] 
 []


Overfull \hbox (144.4932pt too wide) in paragraph at lines 305--305
[]\T1/lmtt/m/n/10 ##    <chr>  <int>    <int> <chr>        <int> <int> <int> <int>  <int> <chr>      <chr>  <chr>    <chr>        <dbl>[] 
 []


Overfull \hbox (144.4932pt too wide) in paragraph at lines 305--305
[]\T1/lmtt/m/n/10 ##  1 AL         1     1851 UNNAMED       1851     6    25     0      0 <NA>       HU     28.0N    94.8W           80[] 
 []


Overfull \hbox (144.4932pt too wide) in paragraph at lines 305--305
[]\T1/lmtt/m/n/10 ##  2 AL         1     1851 UNNAMED       1851     6    25     6      0 <NA>       HU     28.0N    95.4W           80[] 
 []


Overfull \hbox (144.4932pt too wide) in paragraph at lines 305--305
[]\T1/lmtt/m/n/10 ##  3 AL         1     1851 UNNAMED       1851     6    25    12      0 <NA>       HU     28.0N    96.0W           80[] 
 []


Overfull \hbox (144.4932pt too wide) in paragraph at lines 305--305
[]\T1/lmtt/m/n/10 ##  4 AL         1     1851 UNNAMED       1851     6    25    18      0 <NA>       HU     28.1N    96.5W           80[] 
 []


Overfull \hbox (144.4932pt too wide) in paragraph at lines 305--305
[]\T1/lmtt/m/n/10 ##  5 AL         1     1851 UNNAMED       1851     6    25    21      0 L          HU     28.2N    96.8W           80[] 
 []


Overfull \hbox (144.4932pt too wide) in paragraph at lines 305--305
[]\T1/lmtt/m/n/10 ##  6 AL         1     1851 UNNAMED       1851     6    26     0      0 <NA>       HU     28.2N    97.0W           70[] 
 []


Overfull \hbox (144.4932pt too wide) in paragraph at lines 305--305
[]\T1/lmtt/m/n/10 ##  7 AL         1     1851 UNNAMED       1851     6    26     6      0 <NA>       TS     28.3N    97.6W           60[] 
 []


Overfull \hbox (144.4932pt too wide) in paragraph at lines 305--305
[]\T1/lmtt/m/n/10 ##  8 AL         1     1851 UNNAMED       1851     6    26    12      0 <NA>       TS     28.4N    98.3W           60[] 
 []


Overfull \hbox (144.4932pt too wide) in paragraph at lines 305--305
[]\T1/lmtt/m/n/10 ##  9 AL         1     1851 UNNAMED       1851     6    26    18      0 <NA>       TS     28.6N    98.9W           50[] 
 []


Overfull \hbox (144.4932pt too wide) in paragraph at lines 305--305
[]\T1/lmtt/m/n/10 ## 10 AL         1     1851 UNNAMED       1851     6    27     0      0 <NA>       TS     29.0N    99.4W           50[] 
 []


Overfull \hbox (81.49338pt too wide) in paragraph at lines 305--305
[]\T1/lmtt/m/n/10 ## # i 18 more variables: min_pressure <dbl>, NE_extend_34 <dbl>, SE_extend_34 <dbl>, SW_extend_34 <dbl>,[] 
 []


Overfull \hbox (86.74336pt too wide) in paragraph at lines 305--305
[]\T1/lmtt/m/n/10 ## #   NW_extend_34 <dbl>, NE_extend_50 <dbl>, SE_extend_50 <dbl>, SW_extend_50 <dbl>, NW_extend_50 <dbl>,[] 
 []


Overfull \hbox (133.99323pt too wide) in paragraph at lines 305--305
[]\T1/lmtt/m/n/10 ## #   NE_extend_64 <dbl>, SE_extend_64 <dbl>, SW_extend_64 <dbl>, NW_extend_64 <dbl>, r_max_wind <dbl>, lat <dbl>,[] 
 []


Overfull \hbox (3.38333pt too wide) in paragraph at lines 315--316
\T1/lmr/m/n/10 Now that we have a suit-able data frame, save it as a par-quet file with the file name \T1/lmtt/m/n/10 "cyclones_data.parquet"\T1/lmr/m/n/10 . 
 []



[5]
<_main_files/figure-latex/unnamed-chunk-18-1.pdf, id=92, 469.755pt x 325.215pt>
File: _main_files/figure-latex/unnamed-chunk-18-1.pdf Graphic file (type pdf)
<use _main_files/figure-latex/unnamed-chunk-18-1.pdf>
Package pdftex.def Info: _main_files/figure-latex/unnamed-chunk-18-1.pdf  used on input line 346.
(pdftex.def)             Requested size: 469.75386pt x 325.2142pt.
[6 <./_main_files/figure-latex/unnamed-chunk-18-1.pdf>]
<_main_files/figure-latex/plot_sea_ice_extent-1.pdf, id=104, 469.755pt x 325.215pt>
File: _main_files/figure-latex/plot_sea_ice_extent-1.pdf Graphic file (type pdf)
<use _main_files/figure-latex/plot_sea_ice_extent-1.pdf>
Package pdftex.def Info: _main_files/figure-latex/plot_sea_ice_extent-1.pdf  used on input line 389.
(pdftex.def)             Requested size: 469.75386pt x 325.2142pt.


[7 <./_main_files/figure-latex/plot_sea_ice_extent-1.pdf>]
Overfull \hbox (65.74342pt too wide) in paragraph at lines 416--416
[]\T1/lmtt/m/n/10 ##    country                 aware_no aware_alittle aware_moderate aware_alot aware_refuse aware_base[] 
 []


Overfull \hbox (65.74342pt too wide) in paragraph at lines 416--416
[]\T1/lmtt/m/n/10 ##    <chr>                      <dbl>         <dbl>          <dbl>      <dbl>        <dbl>      <dbl>[] 
 []


Overfull \hbox (65.74342pt too wide) in paragraph at lines 416--416
[]\T1/lmtt/m/n/10 ##  1 Albania                     9.99          43.0           33.1      10.6         3.25         329[] 
 []


Overfull \hbox (65.74342pt too wide) in paragraph at lines 416--416
[]\T1/lmtt/m/n/10 ##  2 Algeria                    23.2           37.6           26.0      11.1         2.15        1066[] 
 []


Overfull \hbox (65.74342pt too wide) in paragraph at lines 416--416
[]\T1/lmtt/m/n/10 ##  3 Angola                     19.1           43.0           23.5      11.1         3.29         727[] 
 []


Overfull \hbox (65.74342pt too wide) in paragraph at lines 416--416
[]\T1/lmtt/m/n/10 ##  4 Argentina                   8.25          37.4           43.8       9.88        0.696       1257[] 
 []


Overfull \hbox (65.74342pt too wide) in paragraph at lines 416--416
[]\T1/lmtt/m/n/10 ##  5 Armenia                     9.18          51.4           25.8      11.4         2.14         306[] 
 []


Overfull \hbox (65.74342pt too wide) in paragraph at lines 416--416
[]\T1/lmtt/m/n/10 ##  6 Asian.&.Pacific.Islands    13.3           40.1           24.8      19.5         2.26        1916[] 
 []


Overfull \hbox (65.74342pt too wide) in paragraph at lines 416--416
[]\T1/lmtt/m/n/10 ##  7 Australia                   1.13          26.4           48.1      23.9         0.407       1012[] 
 []


Overfull \hbox (65.74342pt too wide) in paragraph at lines 416--416
[]\T1/lmtt/m/n/10 ##  8 Austria                     1.34          16.4           48.6      32.7         0.985       1120[] 
 []


Overfull \hbox (65.74342pt too wide) in paragraph at lines 416--416
[]\T1/lmtt/m/n/10 ##  9 Azerbaijan                  6.19          42.4           35.9      13.2         2.20         541[] 
 []


Overfull \hbox (65.74342pt too wide) in paragraph at lines 416--416
[]\T1/lmtt/m/n/10 ## 10 Bangladesh                 24.5           36.2           16.2      18.9         4.22         910[] 
 []


Overfull \hbox (118.24327pt too wide) in paragraph at lines 443--443
[]\T1/lmtt/m/n/10 ##    iso_code continent location    date       total_cases new_cases new_cases_smoothed total_deaths new_deaths[] 
 []


Overfull \hbox (118.24327pt too wide) in paragraph at lines 443--443
[]\T1/lmtt/m/n/10 ##    <chr>    <chr>     <chr>       <date>           <dbl>     <dbl>              <dbl>        <dbl>      <dbl>[] 
 []


Overfull \hbox (118.24327pt too wide) in paragraph at lines 443--443
[]\T1/lmtt/m/n/10 ##  1 AFG      Asia      Afghanistan 2020-01-05           0         0                 NA            0          0[] 
 []


Overfull \hbox (118.24327pt too wide) in paragraph at lines 443--443
[]\T1/lmtt/m/n/10 ##  2 AFG      Asia      Afghanistan 2020-01-06           0         0                 NA            0          0[] 
 []


Overfull \hbox (118.24327pt too wide) in paragraph at lines 443--443
[]\T1/lmtt/m/n/10 ##  3 AFG      Asia      Afghanistan 2020-01-07           0         0                 NA            0          0[] 
 []


Overfull \hbox (118.24327pt too wide) in paragraph at lines 443--443
[]\T1/lmtt/m/n/10 ##  4 AFG      Asia      Afghanistan 2020-01-08           0         0                 NA            0          0[] 
 []


Overfull \hbox (118.24327pt too wide) in paragraph at lines 443--443
[]\T1/lmtt/m/n/10 ##  5 AFG      Asia      Afghanistan 2020-01-09           0         0                 NA            0          0[] 
 []


Overfull \hbox (118.24327pt too wide) in paragraph at lines 443--443
[]\T1/lmtt/m/n/10 ##  6 AFG      Asia      Afghanistan 2020-01-10           0         0                  0            0          0[] 
 []


Overfull \hbox (118.24327pt too wide) in paragraph at lines 443--443
[]\T1/lmtt/m/n/10 ##  7 AFG      Asia      Afghanistan 2020-01-11           0         0                  0            0          0[] 
 []


Overfull \hbox (118.24327pt too wide) in paragraph at lines 443--443
[]\T1/lmtt/m/n/10 ##  8 AFG      Asia      Afghanistan 2020-01-12           0         0                  0            0          0[] 
 []


Overfull \hbox (118.24327pt too wide) in paragraph at lines 443--443
[]\T1/lmtt/m/n/10 ##  9 AFG      Asia      Afghanistan 2020-01-13           0         0                  0            0          0[] 
 []


Overfull \hbox (118.24327pt too wide) in paragraph at lines 443--443
[]\T1/lmtt/m/n/10 ## 10 AFG      Asia      Afghanistan 2020-01-14           0         0                  0            0          0[] 
 []


Overfull \hbox (118.24327pt too wide) in paragraph at lines 443--443
[]\T1/lmtt/m/n/10 ## # i 58 more variables: new_deaths_smoothed <dbl>, total_cases_per_million <dbl>, new_cases_per_million <dbl>,[] 
 []


Overfull \hbox (86.74336pt too wide) in paragraph at lines 443--443
[]\T1/lmtt/m/n/10 ## #   new_cases_smoothed_per_million <dbl>, total_deaths_per_million <dbl>, new_deaths_per_million <dbl>,[] 
 []


Overfull \hbox (170.74312pt too wide) in paragraph at lines 443--443
[]\T1/lmtt/m/n/10 ## #   new_deaths_smoothed_per_million <dbl>, reproduction_rate <dbl>, icu_patients <dbl>, icu_patients_per_million <dbl>,[] 
 []


Overfull \hbox (154.99316pt too wide) in paragraph at lines 443--443
[]\T1/lmtt/m/n/10 ## #   weekly_icu_admissions_per_million <dbl>, weekly_hosp_admissions <dbl>, weekly_hosp_admissions_per_million <dbl>,[] 
 []


Overfull \hbox (97.24333pt too wide) in paragraph at lines 443--443
[]\T1/lmtt/m/n/10 ## #   total_tests <dbl>, new_tests <dbl>, total_tests_per_thousand <dbl>, new_tests_per_thousand <dbl>, ...[] 
 []



[8]
Overfull \hbox (81.49338pt too wide) in paragraph at lines 487--487
[]\T1/lmtt/m/n/10 ## Error in wb_data("SP.POP.TOTL", start_date = 2020, end_date = 2020): could not find function "wb_data"[] 
 []



[9]
Overfull \hbox (7.99359pt too wide) in paragraph at lines 563--563
[]\T1/lmtt/m/n/10 ##   [1] "Albania"                            "Algeria"                            "Angola"[] 
 []


Overfull \hbox (97.24333pt too wide) in paragraph at lines 563--563
[]\T1/lmtt/m/n/10 ##   [4] "Argentina"                          "Armenia"                            "Asian & Pacific Islands"[] 
 []


Overfull \hbox (28.99353pt too wide) in paragraph at lines 563--563
[]\T1/lmtt/m/n/10 ##   [7] "Australia"                          "Austria"                            "Azerbaijan"[] 
 []


Overfull \hbox (2.7436pt too wide) in paragraph at lines 563--563
[]\T1/lmtt/m/n/10 ##  [10] "Bangladesh"                         "Belgium"                            "Benin"[] 
 []


Overfull \hbox (18.49356pt too wide) in paragraph at lines 563--563
[]\T1/lmtt/m/n/10 ##  [13] "Bolivia (Plurinational State of)"   "Bosnia and Herzegovina"             "Botswana"[] 
 []


Overfull \hbox (39.4935pt too wide) in paragraph at lines 563--563
[]\T1/lmtt/m/n/10 ##  [16] "Brazil"                             "Bulgaria"                           "Burkina Faso"[] 
 []


Overfull \hbox (7.99359pt too wide) in paragraph at lines 563--563
[]\T1/lmtt/m/n/10 ##  [19] "Cambodia"                           "Cameroon"                           "Canada"[] 
 []


Overfull \hbox (18.49356pt too wide) in paragraph at lines 563--563
[]\T1/lmtt/m/n/10 ##  [22] "Caribbean"                          "Chile"                              "Colombia"[] 
 []


Overfull \hbox (44.74348pt too wide) in paragraph at lines 563--563
[]\T1/lmtt/m/n/10 ##  [25] "Congo (Democratic Republic of the)" "Costa Rica"                         "Cote d'Ivoire"[] 
 []


Overfull \hbox (13.24358pt too wide) in paragraph at lines 563--563
[]\T1/lmtt/m/n/10 ##  [28] "Croatia"                            "Cyprus"                             "Czechia"[] 
 []


Overfull \hbox (13.24358pt too wide) in paragraph at lines 563--563
[]\T1/lmtt/m/n/10 ##  [31] "Denmark"                            "Dominican Republic"                 "Ecuador"[] 
 []


Overfull \hbox (13.24358pt too wide) in paragraph at lines 563--563
[]\T1/lmtt/m/n/10 ##  [34] "Egypt"                              "El Salvador"                        "Finland"[] 
 []


Overfull \hbox (2.7436pt too wide) in paragraph at lines 563--563
[]\T1/lmtt/m/n/10 ##  [37] "France"                             "Germany"                            "Ghana"[] 
 []


Overfull \hbox (2.7436pt too wide) in paragraph at lines 563--563
[]\T1/lmtt/m/n/10 ##  [40] "Greece"                             "Guatemala"                          "Haiti"[] 
 []


Overfull \hbox (13.24358pt too wide) in paragraph at lines 563--563
[]\T1/lmtt/m/n/10 ##  [43] "Honduras"                           "Hong Kong"                          "Hungary"[] 
 []


Overfull \hbox (2.7436pt too wide) in paragraph at lines 563--563
[]\T1/lmtt/m/n/10 ##  [49] "Ireland"                            "Israel"                             "Italy"[] 
 []


Overfull \hbox (7.99359pt too wide) in paragraph at lines 563--563
[]\T1/lmtt/m/n/10 ##  [52] "Jamaica"                            "Japan"                              "Jordan"[] 
 []


Overfull \hbox (7.99359pt too wide) in paragraph at lines 563--563
[]\T1/lmtt/m/n/10 ##  [55] "Kenya"                              "Kosovo"                             "Kuwait"[] 
 []


Overfull \hbox (2.7436pt too wide) in paragraph at lines 563--563
[]\T1/lmtt/m/n/10 ##  [58] "Lao People's Democratic Republic"   "Lebanon"                            "Libya"[] 
 []


Overfull \hbox (18.49356pt too wide) in paragraph at lines 563--563
[]\T1/lmtt/m/n/10 ##  [61] "Lithuania"                          "Malawi"                             "Malaysia"[] 
 []


Overfull \hbox (28.99353pt too wide) in paragraph at lines 563--563
[]\T1/lmtt/m/n/10 ##  [64] "Mexico"                             "Morocco"                            "Mozambique"[] 
 []


Overfull \hbox (34.24352pt too wide) in paragraph at lines 563--563
[]\T1/lmtt/m/n/10 ##  [67] "Nepal"                              "Netherlands"                        "New Zealand"[] 
 []


Overfull \hbox (55.24345pt too wide) in paragraph at lines 563--563
[]\T1/lmtt/m/n/10 ##  [70] "Nicaragua"                          "Nigeria"                            "North MAcedonia"[] 
 []


Overfull \hbox (18.49356pt too wide) in paragraph at lines 563--563
[]\T1/lmtt/m/n/10 ##  [73] "Norway"                             "Oman"                               "Pakistan"[] 
 []


Overfull \hbox (18.49356pt too wide) in paragraph at lines 563--563
[]\T1/lmtt/m/n/10 ##  [79] "Philippines"                        "Poland"                             "Portugal"[] 
 []


Overfull \hbox (13.24358pt too wide) in paragraph at lines 563--563
[]\T1/lmtt/m/n/10 ##  [82] "Puerto Rico"                        "Qatar"                              "Romania"[] 
 []


Overfull \hbox (7.99359pt too wide) in paragraph at lines 563--563
[]\T1/lmtt/m/n/10 ##  [85] "Saudi Arabia"                       "Senegal"                            "Serbia"[] 
 []


Overfull \hbox (39.4935pt too wide) in paragraph at lines 563--563
[]\T1/lmtt/m/n/10 ##  [88] "Singapore"                          "Slovakia"                           "South Africa"[] 
 []


Overfull \hbox (23.74355pt too wide) in paragraph at lines 563--563
[]\T1/lmtt/m/n/10 ##  [91] "South Korea"                        "Spain"                              "Sri Lanka"[] 
 []


Overfull \hbox (34.24352pt too wide) in paragraph at lines 563--563
[]\T1/lmtt/m/n/10 ##  [94] "Sub-Saharan Africa"                 "Sweden"                             "Switzerland"[] 
 []


Overfull \hbox (18.49356pt too wide) in paragraph at lines 563--563
[]\T1/lmtt/m/n/10 ##  [97] "Taiwan"                             "Tanzania"                           "Thailand"[] 
 []


Overfull \hbox (7.99359pt too wide) in paragraph at lines 563--563
[]\T1/lmtt/m/n/10 ## [100] "Trinidad and Tobago"                "Tunisia"                            "Turkey"[] 
 []


Overfull \hbox (44.74348pt too wide) in paragraph at lines 563--563
[]\T1/lmtt/m/n/10 ## [103] "United Arab Emirates"               "United Kingdom"                     "United States"[] 
 []


Overfull \hbox (13.24358pt too wide) in paragraph at lines 563--563
[]\T1/lmtt/m/n/10 ## [106] "Uruguay"                            "Uzbekistan"                         "Vietnam"[] 
 []



[10]
Overfull \hbox (28.99353pt too wide) in paragraph at lines 692--692
[]\T1/lmtt/m/n/10 ##   [1] "Afghanistan"                      "Africa"                           "American Samoa"[] 
 []


Overfull \hbox (55.24345pt too wide) in paragraph at lines 692--692
[]\T1/lmtt/m/n/10 ##   [4] "Andorra"                          "Anguilla"                         "Antigua and Barbuda"[] 
 []


Overfull \hbox (28.99353pt too wide) in paragraph at lines 692--692
[]\T1/lmtt/m/n/10 ##  [19] "Burundi"                          "Cape Verde"                       "Cayman Islands"[] 
 []


Overfull \hbox (18.49356pt too wide) in paragraph at lines 692--692
[]\T1/lmtt/m/n/10 ##  [25] "Comoros"                          "Congo"                            "Cook Islands"[] 
 []


Overfull \hbox (102.49332pt too wide) in paragraph at lines 692--692
[]\T1/lmtt/m/n/10 ##  [28] "Cuba"                             "Curacao"                          "Democratic Republic of Congo"[] 
 []



[11]
Overfull \hbox (7.99359pt too wide) in paragraph at lines 692--692
[]\T1/lmtt/m/n/10 ##  [31] "Djibouti"                         "Dominica"                         "East Timor"[] 
 []


Overfull \hbox (44.74348pt too wide) in paragraph at lines 692--692
[]\T1/lmtt/m/n/10 ##  [34] "Egypt"                            "England"                          "Equatorial Guinea"[] 
 []


Overfull \hbox (55.24345pt too wide) in paragraph at lines 692--692
[]\T1/lmtt/m/n/10 ##  [40] "Ethiopia"                         "Europe"                           "European Union (27)"[] 
 []


Overfull \hbox (2.7436pt too wide) in paragraph at lines 692--692
[]\T1/lmtt/m/n/10 ##  [49] "Gambia"                           "Georgia"                          "Gibraltar"[] 
 []


Overfull \hbox (7.99359pt too wide) in paragraph at lines 692--692
[]\T1/lmtt/m/n/10 ##  [52] "Greenland"                        "Grenada"                          "Guadeloupe"[] 
 []


Overfull \hbox (65.74342pt too wide) in paragraph at lines 692--692
[]\T1/lmtt/m/n/10 ##  [58] "Guinea-Bissau"                    "Guyana"                           "High-income countries"[] 
 []


Overfull \hbox (7.99359pt too wide) in paragraph at lines 692--692
[]\T1/lmtt/m/n/10 ##  [64] "Isle of Man"                      "Jersey"                           "Kazakhstan"[] 
 []


Overfull \hbox (107.7433pt too wide) in paragraph at lines 692--692
[]\T1/lmtt/m/n/10 ##  [73] "Liechtenstein"                    "Low-income countries"             "Lower-middle-income countries"[] 
 []


Overfull \hbox (39.4935pt too wide) in paragraph at lines 692--692
[]\T1/lmtt/m/n/10 ##  [79] "Mali"                             "Malta"                            "Marshall Islands"[] 
 []


Overfull \hbox (2.7436pt too wide) in paragraph at lines 692--692
[]\T1/lmtt/m/n/10 ##  [82] "Martinique"                       "Mauritania"                       "Mauritius"[] 
 []


Overfull \hbox (7.99359pt too wide) in paragraph at lines 692--692
[]\T1/lmtt/m/n/10 ##  [88] "Monaco"                           "Mongolia"                         "Montenegro"[] 
 []


Overfull \hbox (13.24358pt too wide) in paragraph at lines 692--692
[]\T1/lmtt/m/n/10 ##  [97] "Niue"                             "North America"                    "North Korea"[] 
 []


Overfull \hbox (39.4935pt too wide) in paragraph at lines 692--692
[]\T1/lmtt/m/n/10 ## [103] "Palau"                            "Palestine"                        "Papua New Guinea"[] 
 []


Overfull \hbox (18.49356pt too wide) in paragraph at lines 692--692
[]\T1/lmtt/m/n/10 ## [109] "Rwanda"                           "Saint Barthelemy"                 "Saint Helena"[] 
 []


Overfull \hbox (91.99335pt too wide) in paragraph at lines 692--692
[]\T1/lmtt/m/n/10 ## [112] "Saint Kitts and Nevis"            "Saint Lucia"                      "Saint Martin (French part)"[] 
 []


Overfull \hbox (86.74336pt too wide) in paragraph at lines 692--692
[]\T1/lmtt/m/n/10 ## [121] "Seychelles"                       "Sierra Leone"                     "Sint Maarten (Dutch part)"[] 
 []


Overfull \hbox (34.24352pt too wide) in paragraph at lines 692--692
[]\T1/lmtt/m/n/10 ## [124] "Slovakia"                         "Slovenia"                         "Solomon Islands"[] 
 []


Overfull \hbox (13.24358pt too wide) in paragraph at lines 692--692
[]\T1/lmtt/m/n/10 ## [127] "Somalia"                          "South America"                    "South Korea"[] 
 []


Overfull \hbox (102.49332pt too wide) in paragraph at lines 692--692
[]\T1/lmtt/m/n/10 ## [142] "Uganda"                           "Ukraine"                          "United States Virgin Islands"[] 
 []


Overfull \hbox (76.2434pt too wide) in paragraph at lines 698--698
[]\T1/lmtt/m/n/10 ##  [1] "Asian & Pacific Islands" "Caribbean"               "Congo, Rep."             "Egypt, Arab Rep."[] 
 []


Overfull \hbox (49.99347pt too wide) in paragraph at lines 698--698
[]\T1/lmtt/m/n/10 ##  [5] "Hong Kong SAR, China"    "Lao PDR"                 "Slovak Republic"         "Korea, Rep."[] 
 []



[12]
Overfull \hbox (49.99347pt too wide) in paragraph at lines 698--698
[]\T1/lmtt/m/n/10 ##  [9] "Sub-Saharan Africa"      "Turkiye"                 "Viet Nam"                "Yemen, Rep."[] 
 []



[13]
Overfull \hbox (181.24309pt too wide) in paragraph at lines 796--796
[]\T1/lmtt/m/n/10 ##    country    year life_ladder log_gdp_per_capita social_support healthy_life_expecta~1 freedom_to_make_life~2 generosity[] 
 []


Overfull \hbox (181.24309pt too wide) in paragraph at lines 796--796
[]\T1/lmtt/m/n/10 ##    <chr>     <dbl>       <dbl>              <dbl>          <dbl>                  <dbl>                  <dbl>      <dbl>[] 
 []


Overfull \hbox (154.99316pt too wide) in paragraph at lines 796--796
[]\T1/lmtt/m/n/10 ##  1 Afghanis~  2023        1.45              NA             0.368                   55.2                  0.228    NA[] 
 []


Overfull \hbox (181.24309pt too wide) in paragraph at lines 796--796
[]\T1/lmtt/m/n/10 ##  2 Albania    2023        5.44               9.69          0.691                   69.2                  0.872     0.0679[] 
 []


Overfull \hbox (181.24309pt too wide) in paragraph at lines 796--796
[]\T1/lmtt/m/n/10 ##  3 Algeria    2022        5.54               9.32          0.783                   66.7                  0.440    -0.0449[] 
 []


Overfull \hbox (175.9931pt too wide) in paragraph at lines 796--796
[]\T1/lmtt/m/n/10 ##  4 Angola     2014        3.79               9.01          0.755                   53.1                  0.375    -0.173[] 
 []


Overfull \hbox (175.9931pt too wide) in paragraph at lines 796--796
[]\T1/lmtt/m/n/10 ##  5 Argentina  2023        6.39               9.99          0.892                   67.3                  0.832    -0.129[] 
 []


Overfull \hbox (175.9931pt too wide) in paragraph at lines 796--796
[]\T1/lmtt/m/n/10 ##  6 Armenia    2023        5.68               9.73          0.819                   68.2                  0.819    -0.179[] 
 []


Overfull \hbox (175.9931pt too wide) in paragraph at lines 796--796
[]\T1/lmtt/m/n/10 ##  7 Australia  2023        7.02              10.8           0.896                   71.2                  0.876     0.187[] 
 []


Overfull \hbox (175.9931pt too wide) in paragraph at lines 796--796
[]\T1/lmtt/m/n/10 ##  8 Austria    2023        6.64              10.9           0.874                   71.4                  0.874     0.209[] 
 []


Overfull \hbox (175.9931pt too wide) in paragraph at lines 796--796
[]\T1/lmtt/m/n/10 ##  9 Azerbaij~  2023        5.21               9.64          0.713                   64.1                  0.829    -0.160[] 
 []


Overfull \hbox (175.9931pt too wide) in paragraph at lines 796--796
[]\T1/lmtt/m/n/10 ## 10 Bahrain    2023        5.96              10.9           0.817                   65.6                  0.869     0.155[] 
 []


Overfull \hbox (23.74355pt too wide) in paragraph at lines 796--796
[]\T1/lmtt/m/n/10 ## # i abbreviated names: 1: healthy_life_expectancy_at_birth, 2: freedom_to_make_life_choices[] 
 []


Overfull \hbox (165.49313pt too wide) in paragraph at lines 796--796
[]\T1/lmtt/m/n/10 ## # i 8 more variables: perceptions_of_corruption <dbl>, positive_affect <dbl>, negative_affect <dbl>, hemisphere <chr>,[] 
 []


Overfull \hbox (60.49344pt too wide) in paragraph at lines 796--796
[]\T1/lmtt/m/n/10 ## #   distance_to_equator_km.x <dbl>, geometry.x <MULTIPOLYGON [m]>, distance_to_equator_km.y <dbl>,[] 
 []

LaTeX Font Info:    Trying to load font information for TS1+lmtt on input line 796.
(c:/Users/Oscar/AppData/Roaming/TinyTeX/texmf-dist/tex/latex/lm/ts1lmtt.fd
File: ts1lmtt.fd 2015/05/01 v1.6.1 Font defs for Latin Modern
)

[14]
Overfull \hbox (144.4932pt too wide) in paragraph at lines 882--882
[]\T1/lmtt/m/n/10 ##    Basin Number NameYear Name    ObservYear Month   Day  Hour Minute Identifier status latitude longitude max_wind[] 
 []


Overfull \hbox (144.4932pt too wide) in paragraph at lines 882--882
[]\T1/lmtt/m/n/10 ##  * <chr>  <int>    <int> <chr>        <int> <int> <int> <int>  <int> <chr>      <chr>  <chr>    <chr>        <dbl>[] 
 []


Overfull \hbox (144.4932pt too wide) in paragraph at lines 882--882
[]\T1/lmtt/m/n/10 ##  1 AL         1     1851 UNNAMED       1851     6    25     0      0 <NA>       HU     28.0N    94.8W           80[] 
 []


Overfull \hbox (144.4932pt too wide) in paragraph at lines 882--882
[]\T1/lmtt/m/n/10 ##  2 AL         1     1851 UNNAMED       1851     6    25     6      0 <NA>       HU     28.0N    95.4W           80[] 
 []


Overfull \hbox (144.4932pt too wide) in paragraph at lines 882--882
[]\T1/lmtt/m/n/10 ##  3 AL         1     1851 UNNAMED       1851     6    25    12      0 <NA>       HU     28.0N    96.0W           80[] 
 []


Overfull \hbox (144.4932pt too wide) in paragraph at lines 882--882
[]\T1/lmtt/m/n/10 ##  4 AL         1     1851 UNNAMED       1851     6    25    18      0 <NA>       HU     28.1N    96.5W           80[] 
 []


Overfull \hbox (144.4932pt too wide) in paragraph at lines 882--882
[]\T1/lmtt/m/n/10 ##  5 AL         1     1851 UNNAMED       1851     6    25    21      0 L          HU     28.2N    96.8W           80[] 
 []


Overfull \hbox (144.4932pt too wide) in paragraph at lines 882--882
[]\T1/lmtt/m/n/10 ##  6 AL         1     1851 UNNAMED       1851     6    26     0      0 <NA>       HU     28.2N    97.0W           70[] 
 []



[15]
Overfull \hbox (144.4932pt too wide) in paragraph at lines 882--882
[]\T1/lmtt/m/n/10 ##  7 AL         1     1851 UNNAMED       1851     6    26     6      0 <NA>       TS     28.3N    97.6W           60[] 
 []


Overfull \hbox (144.4932pt too wide) in paragraph at lines 882--882
[]\T1/lmtt/m/n/10 ##  8 AL         1     1851 UNNAMED       1851     6    26    12      0 <NA>       TS     28.4N    98.3W           60[] 
 []


Overfull \hbox (144.4932pt too wide) in paragraph at lines 882--882
[]\T1/lmtt/m/n/10 ##  9 AL         1     1851 UNNAMED       1851     6    26    18      0 <NA>       TS     28.6N    98.9W           50[] 
 []


Overfull \hbox (144.4932pt too wide) in paragraph at lines 882--882
[]\T1/lmtt/m/n/10 ## 10 AL         1     1851 UNNAMED       1851     6    27     0      0 <NA>       TS     29.0N    99.4W           50[] 
 []


Overfull \hbox (81.49338pt too wide) in paragraph at lines 882--882
[]\T1/lmtt/m/n/10 ## # i 21 more variables: min_pressure <dbl>, NE_extend_34 <dbl>, SE_extend_34 <dbl>, SW_extend_34 <dbl>,[] 
 []


Overfull \hbox (86.74336pt too wide) in paragraph at lines 882--882
[]\T1/lmtt/m/n/10 ## #   NW_extend_34 <dbl>, NE_extend_50 <dbl>, SE_extend_50 <dbl>, SW_extend_50 <dbl>, NW_extend_50 <dbl>,[] 
 []


Overfull \hbox (133.99323pt too wide) in paragraph at lines 882--882
[]\T1/lmtt/m/n/10 ## #   NE_extend_64 <dbl>, SE_extend_64 <dbl>, SW_extend_64 <dbl>, NW_extend_64 <dbl>, r_max_wind <dbl>, lat <dbl>,[] 
 []


Overfull \hbox (118.24327pt too wide) in paragraph at lines 882--882
[]\T1/lmtt/m/n/10 ## #   long <dbl>, date <dttm>, category <ord>, km_distance_from_equator <dbl>, geometry <POINT [\TS1/lmtt/m/n/10 \T1/lmtt/m/n/10 ]>, name <chr>[] 
 []


LaTeX Warning: Reference `fig:insight1' on page 16 undefined on input line 910.


Overfull \hbox (7.99359pt too wide) in paragraph at lines 914--914
[]\T1/lmtt/m/n/10 ## Warning: Removed 2 rows containing non-finite outside the scale range (`stat_smooth()`).[] 
 []



[16]
Overfull \hbox (76.2434pt too wide) in paragraph at lines 922--922
[]\T1/lmtt/m/n/10 ## Warning: Removed 2 rows containing missing values or values outside the scale range (`geom_point()`).[] 
 []

<_main_files/figure-latex/unnamed-chunk-39-1.pdf, id=160, 433.62pt x 325.215pt>
File: _main_files/figure-latex/unnamed-chunk-39-1.pdf Graphic file (type pdf)
<use _main_files/figure-latex/unnamed-chunk-39-1.pdf>
Package pdftex.def Info: _main_files/figure-latex/unnamed-chunk-39-1.pdf  used on input line 928.
(pdftex.def)             Requested size: 433.63878pt x 325.22908pt.

Overfull \hbox (7.99359pt too wide) in paragraph at lines 932--932
[]\T1/lmtt/m/n/10 ## Warning: Removed 3 rows containing non-finite outside the scale range (`stat_smooth()`).[] 
 []


Overfull \hbox (76.2434pt too wide) in paragraph at lines 940--940
[]\T1/lmtt/m/n/10 ## Warning: Removed 3 rows containing missing values or values outside the scale range (`geom_point()`).[] 
 []

<_main_files/figure-latex/unnamed-chunk-39-2.pdf, id=161, 433.62pt x 325.215pt>
File: _main_files/figure-latex/unnamed-chunk-39-2.pdf Graphic file (type pdf)
<use _main_files/figure-latex/unnamed-chunk-39-2.pdf>
Package pdftex.def Info: _main_files/figure-latex/unnamed-chunk-39-2.pdf  used on input line 946.
(pdftex.def)             Requested size: 433.63878pt x 325.22908pt.


[17 <./_main_files/figure-latex/unnamed-chunk-39-1.pdf>]
Overfull \hbox (7.99359pt too wide) in paragraph at lines 958--958
[]\T1/lmtt/m/n/10 ## Warning: Removed 8 rows containing non-finite outside the scale range (`stat_smooth()`).[] 
 []


Overfull \hbox (76.2434pt too wide) in paragraph at lines 962--962
[]\T1/lmtt/m/n/10 ## Warning: Removed 6 rows containing missing values or values outside the scale range (`geom_point()`).[] 
 []

<_main_files/figure-latex/unnamed-chunk-39-3.pdf, id=176, 433.62pt x 325.215pt>
File: _main_files/figure-latex/unnamed-chunk-39-3.pdf Graphic file (type pdf)
<use _main_files/figure-latex/unnamed-chunk-39-3.pdf>
Package pdftex.def Info: _main_files/figure-latex/unnamed-chunk-39-3.pdf  used on input line 964.
(pdftex.def)             Requested size: 433.63878pt x 325.22908pt.
<_main_files/figure-latex/unnamed-chunk-39-4.pdf, id=177, 433.62pt x 325.215pt>
File: _main_files/figure-latex/unnamed-chunk-39-4.pdf Graphic file (type pdf)
<use _main_files/figure-latex/unnamed-chunk-39-4.pdf>
Package pdftex.def Info: _main_files/figure-latex/unnamed-chunk-39-4.pdf  used on input line 964.
(pdftex.def)             Requested size: 433.63878pt x 325.22908pt.

Underfull \hbox (badness 10000) in paragraph at lines 964--965
[][]
 []



[18 <./_main_files/figure-latex/unnamed-chunk-39-2.pdf>]

[19 <./_main_files/figure-latex/unnamed-chunk-39-3.pdf>]
Overfull \hbox (7.99359pt too wide) in paragraph at lines 972--972
[]\T1/lmtt/m/n/10 ##  [1] "country"                          "year"                             "life_ladder"[] 
 []


Overfull \hbox (118.24327pt too wide) in paragraph at lines 972--972
[]\T1/lmtt/m/n/10 ##  [4] "log_gdp_per_capita"               "social_support"                   "healthy_life_expectancy_at_birth"[] 
 []


Overfull \hbox (81.49338pt too wide) in paragraph at lines 972--972
[]\T1/lmtt/m/n/10 ##  [7] "freedom_to_make_life_choices"     "generosity"                       "perceptions_of_corruption"[] 
 []


Overfull \hbox (2.7436pt too wide) in paragraph at lines 972--972
[]\T1/lmtt/m/n/10 ## [10] "positive_affect"                  "negative_affect"                  "hemisphere"[] 
 []

<_main_files/figure-latex/unnamed-chunk-39-5.pdf, id=207, 433.62pt x 325.215pt>
File: _main_files/figure-latex/unnamed-chunk-39-5.pdf Graphic file (type pdf)
<use _main_files/figure-latex/unnamed-chunk-39-5.pdf>
Package pdftex.def Info: _main_files/figure-latex/unnamed-chunk-39-5.pdf  used on input line 974.
(pdftex.def)             Requested size: 433.63878pt x 325.22908pt.


[20 <./_main_files/figure-latex/unnamed-chunk-39-4.pdf>]
Overfull \hbox (118.24327pt too wide) in paragraph at lines 978--978
[]\T1/lmtt/m/n/10 ## Warning in geom_density_ridges(scale = 2, alpha = 0.7, color = "black", : Ignoring unknown parameters: `size`[] 
 []

<_main_files/figure-latex/unnamed-chunk-39-6.pdf, id=222, 433.62pt x 325.215pt>
File: _main_files/figure-latex/unnamed-chunk-39-6.pdf Graphic file (type pdf)
<use _main_files/figure-latex/unnamed-chunk-39-6.pdf>
Package pdftex.def Info: _main_files/figure-latex/unnamed-chunk-39-6.pdf  used on input line 980.
(pdftex.def)             Requested size: 433.63878pt x 325.22908pt.


[21 <./_main_files/figure-latex/unnamed-chunk-39-5.pdf>]
<_main_files/figure-latex/unnamed-chunk-39-7.pdf, id=237, 433.62pt x 325.215pt>
File: _main_files/figure-latex/unnamed-chunk-39-7.pdf Graphic file (type pdf)
<use _main_files/figure-latex/unnamed-chunk-39-7.pdf>
Package pdftex.def Info: _main_files/figure-latex/unnamed-chunk-39-7.pdf  used on input line 1000.
(pdftex.def)             Requested size: 433.63878pt x 325.22908pt.


[22 <./_main_files/figure-latex/unnamed-chunk-39-6.pdf>]
Overfull \hbox (7.99359pt too wide) in paragraph at lines 1008--1008
[]\T1/lmtt/m/n/10 ##  [1] "country"                          "year"                             "life_ladder"[] 
 []


Overfull \hbox (118.24327pt too wide) in paragraph at lines 1008--1008
[]\T1/lmtt/m/n/10 ##  [4] "log_gdp_per_capita"               "social_support"                   "healthy_life_expectancy_at_birth"[] 
 []


Overfull \hbox (81.49338pt too wide) in paragraph at lines 1008--1008
[]\T1/lmtt/m/n/10 ##  [7] "freedom_to_make_life_choices"     "generosity"                       "perceptions_of_corruption"[] 
 []


Overfull \hbox (2.7436pt too wide) in paragraph at lines 1008--1008
[]\T1/lmtt/m/n/10 ## [10] "positive_affect"                  "negative_affect"                  "hemisphere"[] 
 []

<_main_files/figure-latex/unnamed-chunk-39-8.pdf, id=250, 433.62pt x 325.215pt>
File: _main_files/figure-latex/unnamed-chunk-39-8.pdf Graphic file (type pdf)
<use _main_files/figure-latex/unnamed-chunk-39-8.pdf>
Package pdftex.def Info: _main_files/figure-latex/unnamed-chunk-39-8.pdf  used on input line 1010.
(pdftex.def)             Requested size: 433.63878pt x 325.22908pt.
<_main_files/figure-latex/unnamed-chunk-39-9.pdf, id=251, 433.62pt x 325.215pt>
File: _main_files/figure-latex/unnamed-chunk-39-9.pdf Graphic file (type pdf)
<use _main_files/figure-latex/unnamed-chunk-39-9.pdf>
Package pdftex.def Info: _main_files/figure-latex/unnamed-chunk-39-9.pdf  used on input line 1010.
(pdftex.def)             Requested size: 433.63878pt x 325.22908pt.

Underfull \hbox (badness 10000) in paragraph at lines 1010--1011
[][]
 []



[23 <./_main_files/figure-latex/unnamed-chunk-39-7.pdf>]

[24 <./_main_files/figure-latex/unnamed-chunk-39-8.pdf>]
Overfull \hbox (181.24309pt too wide) in paragraph at lines 1032--1032
[]\T1/lmtt/m/n/10 ##    country    year life_ladder log_gdp_per_capita social_support healthy_life_expecta~1 freedom_to_make_life~2 generosity[] 
 []


Overfull \hbox (181.24309pt too wide) in paragraph at lines 1032--1032
[]\T1/lmtt/m/n/10 ##    <chr>     <dbl>       <dbl>              <dbl>          <dbl>                  <dbl>                  <dbl>      <dbl>[] 
 []


Overfull \hbox (154.99316pt too wide) in paragraph at lines 1032--1032
[]\T1/lmtt/m/n/10 ##  1 Afghanis~  2023        1.45              NA             0.368                   55.2                  0.228    NA[] 
 []


Overfull \hbox (181.24309pt too wide) in paragraph at lines 1032--1032
[]\T1/lmtt/m/n/10 ##  2 Albania    2023        5.44               9.69          0.691                   69.2                  0.872     0.0679[] 
 []


Overfull \hbox (181.24309pt too wide) in paragraph at lines 1032--1032
[]\T1/lmtt/m/n/10 ##  3 Algeria    2022        5.54               9.32          0.783                   66.7                  0.440    -0.0449[] 
 []


Overfull \hbox (175.9931pt too wide) in paragraph at lines 1032--1032
[]\T1/lmtt/m/n/10 ##  4 Angola     2014        3.79               9.01          0.755                   53.1                  0.375    -0.173[] 
 []


Overfull \hbox (175.9931pt too wide) in paragraph at lines 1032--1032
[]\T1/lmtt/m/n/10 ##  5 Argentina  2023        6.39               9.99          0.892                   67.3                  0.832    -0.129[] 
 []


Overfull \hbox (175.9931pt too wide) in paragraph at lines 1032--1032
[]\T1/lmtt/m/n/10 ##  6 Armenia    2023        5.68               9.73          0.819                   68.2                  0.819    -0.179[] 
 []


Overfull \hbox (175.9931pt too wide) in paragraph at lines 1032--1032
[]\T1/lmtt/m/n/10 ##  7 Australia  2023        7.02              10.8           0.896                   71.2                  0.876     0.187[] 
 []


Overfull \hbox (175.9931pt too wide) in paragraph at lines 1032--1032
[]\T1/lmtt/m/n/10 ##  8 Austria    2023        6.64              10.9           0.874                   71.4                  0.874     0.209[] 
 []


Overfull \hbox (175.9931pt too wide) in paragraph at lines 1032--1032
[]\T1/lmtt/m/n/10 ##  9 Azerbaij~  2023        5.21               9.64          0.713                   64.1                  0.829    -0.160[] 
 []


Overfull \hbox (175.9931pt too wide) in paragraph at lines 1032--1032
[]\T1/lmtt/m/n/10 ## 10 Bahrain    2023        5.96              10.9           0.817                   65.6                  0.869     0.155[] 
 []


Overfull \hbox (23.74355pt too wide) in paragraph at lines 1032--1032
[]\T1/lmtt/m/n/10 ## # i abbreviated names: 1: healthy_life_expectancy_at_birth, 2: freedom_to_make_life_choices[] 
 []


Overfull \hbox (165.49313pt too wide) in paragraph at lines 1032--1032
[]\T1/lmtt/m/n/10 ## # i 8 more variables: perceptions_of_corruption <dbl>, positive_affect <dbl>, negative_affect <dbl>, hemisphere <chr>,[] 
 []


Overfull \hbox (60.49344pt too wide) in paragraph at lines 1032--1032
[]\T1/lmtt/m/n/10 ## #   distance_to_equator_km.x <dbl>, geometry.x <MULTIPOLYGON [m]>, distance_to_equator_km.y <dbl>,[] 
 []

<_main_files/figure-latex/unnamed-chunk-39-10.pdf, id=277, 433.62pt x 325.215pt>
File: _main_files/figure-latex/unnamed-chunk-39-10.pdf Graphic file (type pdf)
<use _main_files/figure-latex/unnamed-chunk-39-10.pdf>
Package pdftex.def Info: _main_files/figure-latex/unnamed-chunk-39-10.pdf  used on input line 1034.
(pdftex.def)             Requested size: 433.63878pt x 325.22908pt.
<_main_files/figure-latex/unnamed-chunk-39-11.pdf, id=278, 433.62pt x 325.215pt>
File: _main_files/figure-latex/unnamed-chunk-39-11.pdf Graphic file (type pdf)
<use _main_files/figure-latex/unnamed-chunk-39-11.pdf>
Package pdftex.def Info: _main_files/figure-latex/unnamed-chunk-39-11.pdf  used on input line 1034.
(pdftex.def)             Requested size: 433.63878pt x 325.22908pt.

Underfull \hbox (badness 10000) in paragraph at lines 1034--1035
[][]
 []



[25 <./_main_files/figure-latex/unnamed-chunk-39-9.pdf>]

[26 <./_main_files/figure-latex/unnamed-chunk-39-10.pdf>]

LaTeX Warning: Reference `fig:insight2' on page 27 undefined on input line 1040.


LaTeX Warning: Reference `fig:insight3' on page 27 undefined on input line 1044.



[27 <./_main_files/figure-latex/unnamed-chunk-39-11.pdf>]
<_main_files/figure-latex/world_map_cyclones_by_category-1.pdf, id=318, 433.62pt x 325.215pt>
File: _main_files/figure-latex/world_map_cyclones_by_category-1.pdf Graphic file (type pdf)
<use _main_files/figure-latex/world_map_cyclones_by_category-1.pdf>
Package pdftex.def Info: _main_files/figure-latex/world_map_cyclones_by_category-1.pdf  used on input line 1070.
(pdftex.def)             Requested size: 433.63878pt x 325.22908pt.
<_main_files/figure-latex/world_map_cyclones_by_basin-1.pdf, id=319, 433.62pt x 325.215pt>
File: _main_files/figure-latex/world_map_cyclones_by_basin-1.pdf Graphic file (type pdf)
<use _main_files/figure-latex/world_map_cyclones_by_basin-1.pdf>
Package pdftex.def Info: _main_files/figure-latex/world_map_cyclones_by_basin-1.pdf  used on input line 1076.
(pdftex.def)             Requested size: 433.63878pt x 325.22908pt.
<_main_files/figure-latex/storm_frequency_by_month_year-1.pdf, id=320, 433.62pt x 325.215pt>
File: _main_files/figure-latex/storm_frequency_by_month_year-1.pdf Graphic file (type pdf)
<use _main_files/figure-latex/storm_frequency_by_month_year-1.pdf>
Package pdftex.def Info: _main_files/figure-latex/storm_frequency_by_month_year-1.pdf  used on input line 1082.
(pdftex.def)             Requested size: 433.63878pt x 325.22908pt.
<_main_files/figure-latex/proportion_storm_categories_over_time-1.pdf, id=321, 433.62pt x 325.215pt>
File: _main_files/figure-latex/proportion_storm_categories_over_time-1.pdf Graphic file (type pdf)
<use _main_files/figure-latex/proportion_storm_categories_over_time-1.pdf>
Package pdftex.def Info: _main_files/figure-latex/proportion_storm_categories_over_time-1.pdf  used on input line 1088.
(pdftex.def)             Requested size: 433.63878pt x 325.22908pt.
<_main_files/figure-latex/world_happiness_scores-1.pdf, id=322, 433.62pt x 325.215pt>
File: _main_files/figure-latex/world_happiness_scores-1.pdf Graphic file (type pdf)
<use _main_files/figure-latex/world_happiness_scores-1.pdf>
Package pdftex.def Info: _main_files/figure-latex/world_happiness_scores-1.pdf  used on input line 1094.
(pdftex.def)             Requested size: 433.63878pt x 325.22908pt.


[28 <./_main_files/figure-latex/world_map_cyclones_by_category-1.pdf>]

[29 <./_main_files/figure-latex/world_map_cyclones_by_basin-1.pdf>]

[30 <./_main_files/figure-latex/storm_frequency_by_month_year-1.pdf>]

[31 <./_main_files/figure-latex/proportion_storm_categories_over_time-1.pdf>]

[32 <./_main_files/figure-latex/world_happiness_scores-1.pdf>] (./_main.aux)
 ***********
LaTeX2e <2024-11-01>
L3 programming layer <2024-11-02>
 ***********

LaTeX Warning: There were undefined references.

 ) 
Here is how much of TeX's memory you used:
 11763 strings out of 475321
 187982 string characters out of 5768030
 614779 words of memory out of 5000000
 34351 multiletter control sequences out of 15000+600000
 618341 words of font info for 82 fonts, out of 8000000 for 9000
 14 hyphenation exceptions out of 8191
 89i,8n,93p,671b,595s stack positions out of 10000i,1000n,20000p,200000b,200000s
<c:/Users/Oscar/AppData/Roaming/TinyTeX/texmf-dist/fonts/type1/public/lm/lmbx10.pfb><c:/Users/Oscar/AppData/Roaming/TinyTeX/texmf-dist/fonts/type1/public/lm/lmbx12.pfb><c:/Users/Oscar/AppData/Roaming/TinyTeX/texmf-dist/fonts/type1/public/lm/lmr10.pfb><c:/Users/Oscar/AppData/Roaming/TinyTeX/texmf-dist/fonts/type1/public/lm/lmr12.pfb><c:/Users/Oscar/AppData/Roaming/TinyTeX/texmf-dist/fonts/type1/public/lm/lmr17.pfb><c:/Users/Oscar/AppData/Roaming/TinyTeX/texmf-dist/fonts/type1/public/lm/lmr6.pfb><c:/Users/Oscar/AppData/Roaming/TinyTeX/texmf-dist/fonts/type1/public/lm/lmr7.pfb><c:/Users/Oscar/AppData/Roaming/TinyTeX/texmf-dist/fonts/type1/public/lm/lmr8.pfb><c:/Users/Oscar/AppData/Roaming/TinyTeX/texmf-dist/fonts/type1/public/lm/lmri10.pfb><c:/Users/Oscar/AppData/Roaming/TinyTeX/texmf-dist/fonts/type1/public/lm/lmtt10.pfb>
Output written on _main.pdf (32 pages, 2016229 bytes).
PDF statistics:
 619 PDF objects out of 1000 (max. 8388607)
 518 compressed objects within 6 object streams
 75 named destinations out of 1000 (max. 500000)
 259 words of extra memory for PDF output out of 10000 (max. 10000000)

